<?xml version="1.0" encoding="UTF-8" ?>
<testsuite tests="23" failures="0" name="cucumberOptions.TestRunner" time="0.504" errors="0" skipped="0">
  <properties>
[...]
</properties>
  <testcase classname="Scenario: GMail Login" name="When User clicks on the Sign In button on the homepage" time="0.002"/>
  <testcase classname="Scenario: GMail Login" name="And User enters &quot;love.vashista@mobileprogramming.net&quot; on the username page" time="0"/>
  <testcase classname="Scenario: GMail Login" name="And User enters &quot;password12345&quot; on the password page" time="0"/>
  <testcase classname="Scenario: GMail Login" name="Then The user should be redirected on the same page with an error message: &quot;Wrong password. Try again or click Forgot password to reset it.&quot;" time="0"/>
  <testcase classname="Scenario: GMail Login" name="Scenario: GMail Login" time="0.198"/>
  <testcase classname="| a@aa.com | 11111 |" name="Given The user is on the rediff homepage" time="0"/>
  <testcase classname="| a@aa.com | 11111 |" name="When The user enters a@aa.com and password 11111" time="0"/>
  <testcase classname="| a@aa.com | 11111 |" name="And Unchecks the Keep Me Sign In checkbox" time="0"/>
  <testcase classname="| a@aa.com | 11111 |" name="And Clicks on Login Button" time="0"/>
  <testcase classname="| a@aa.com | 11111 |" name="Then The user should get redirected to the same page" time="0"/>
  <testcase classname="| a@aa.com | 11111 |" name="| a@aa.com | 11111 |" time="0.086"/>
  <testcase classname="| b@bb.com | 22222 |" name="Given The user is on the rediff homepage" time="0"/>
  <testcase classname="| b@bb.com | 22222 |" name="When The user enters b@bb.com and password 22222" time="0"/>
  <testcase classname="| b@bb.com | 22222 |" name="And Unchecks the Keep Me Sign In checkbox" time="0"/>
  <testcase classname="| b@bb.com | 22222 |" name="And Clicks on Login Button" time="0.001"/>
  <testcase classname="| b@bb.com | 22222 |" name="Then The user should get redirected to the same page" time="0"/>
  <testcase classname="| b@bb.com | 22222 |" name="| b@bb.com | 22222 |" time="0.133"/>
  <testcase classname="| c@cc.com | 33333 |" name="Given The user is on the rediff homepage" time="0.001"/>
  <testcase classname="| c@cc.com | 33333 |" name="When The user enters c@cc.com and password 33333" time="0.001"/>
  <testcase classname="| c@cc.com | 33333 |" name="And Unchecks the Keep Me Sign In checkbox" time="0"/>
  <testcase classname="| c@cc.com | 33333 |" name="And Clicks on Login Button" time="0"/>
  <testcase classname="| c@cc.com | 33333 |" name="Then The user should get redirected to the same page" time="0"/>
  <testcase classname="| c@cc.com | 33333 |" name="| c@cc.com | 33333 |" time="0.082"/>
</testsuite>